[LOG] System::create                           : Header version = 2.01.07. Current version = 2.01.07.
[LOG] Manager::init                            : maxchannels = 256 studioflags = 00000006 flags 00000000 extradriverdata 0000000000000000.
[LOG] SystemI::init                            : Initialize version=20107 (113487), maxchannels=256, flags=0x00020000
[LOG] SystemI::setOutputInternal               : Setting output to 'FMOD WASAPI Output'
[LOG] OutputWASAPI::init                       : Mix Format (WAVEFORMATEX): wFormatTag=0xFFFE, nChannels=8, nSamplesPerSec=48000, nAvgBytesPerSec=1536000, nBlockAlign=32, wBitsPerSample=32, cbSize=22.
[LOG] OutputWASAPI::init                       : Mix Format (WAVEFORMATEXTENSIBLE): wValidBitsPerSample=32, dwChannelMask=0x0000063F, SubFormat=00000003-0000-0010-8000-00AA00389B71.
[LOG] OutputWASAPI::init                       : Output buffer size: 4096 samples, latency: 0.00ms, period: 10.00ms, DSP buffer: 1024 * 4
[LOG] DownMix::init                            : dspbuffersize: 1024  rate: 48000. output speaker mode: 7, input speaker mode 3
[LOG] DownMix::init                            : done.
[LOG] Thread::initThread                       : Init FMOD stream thread. Affinity: 0x8000000000000003, Priority: 0xFFFF7FFB, Stack Size: 98304, Semaphore: No, Sleep Time: 10, Looping: Yes.
[LOG] Thread::initThread                       : Init FMOD mixer thread. Affinity: 0x8000000000000001, Priority: 0xFFFF7FFA, Stack Size: 81920, Semaphore: No, Sleep Time: 0, Looping: Yes.
[LOG] AsyncManager::init                       : manager 0000025F8DC15CF8 isAsync 0 updatePeriod 0.02
[LOG] AsyncManager::init                       : done
[LOG] PlaybackSystem::init                     : 
[LOG] Thread::initThread                       : Init FMOD Studio sample load thread. Affinity: 0x8000000000000003, Priority: 0xFFFF7FFD, Stack Size: 98304, Semaphore: No, Sleep Time: 1, Looping: No.
[LOG] PlaybackSystem::init                     : done
[LOG] Thread::initThread                       : Init FMOD Studio bank load thread. Affinity: 0x8000000000000003, Priority: 0xFFFF7FFD, Stack Size: 98304, Semaphore: No, Sleep Time: 1, Looping: No.
[LOG] Manager::init                            : done.
[LOG] SystemI::createSound                     : filename = Assets\FMOD\de luistermutant\Build\Desktop/enviroment.bank : mode 02010082
[LOG] SystemI::createSound                     : FMOD_NONBLOCKING specified.  Putting into queue to be opened asynchronously!
[LOG] Thread::initThread                       : Init FMOD nonblocking thread (0). Affinity: 0x8000000000000003, Priority: 0xFFFF7FFC, Stack Size: 114688, Semaphore: Yes, Sleep Time: 0, Looping: Yes.
[LOG] SystemI::createSound                     : setdata soundi = 0000025F8D8A9868 : node = 0000025F6D1CB990
[LOG] SystemI::createSound                     : add node to async list : head = 0000025F06D48918.  list count = 0
[LOG] AsyncThread::threadFunc                  : Starting Asynchronous operation on sound 0000025F8D8A9868
[LOG] SystemI::createSoundInternal             :     Create name='Assets\FMOD\de luistermutant\Build\Desktop/enviroment.bank', mode=0x02010082
[LOG] SystemI::createSoundInternal             :     exinfo->cbsize             = 224
[LOG] SystemI::createSoundInternal             :     exinfo->length             = 2918816
[LOG] SystemI::createSoundInternal             :     exinfo->fileoffset         = 52640
[LOG] SystemI::createSoundInternal             :     exinfo->numsubsounds       = 1
[LOG] SystemI::createSoundInternal             :     exinfo->inclusionlist      = 0000025F6D1CBAA0
[LOG] SystemI::createSoundInternal             :     exinfo->inclusionlistnum   = 1
[LOG] SystemI::createSoundInternal             :     exinfo->suggestedsoundtype = 5
[LOG] SystemI::createSoundInternal             :     exinfo->initialseekpostype = 1
[LOG] SystemI::createSoundInternal             :     Stream 0/1: name='metal sliding', format=5, channels=2, frequency=48000, lengthbytes=153248, lengthpcm=768000, pcmblocksize=0, loopstart=0, loopend=0, mode=0x00000000, channelmask=0x00000000, channelorder=0, peakvolume=0.390747.
[LOG] Thread::initThread                       :     Init FMOD file thread. Affinity: 0x8000000000000003, Priority: 0xFFFF7FFC, Stack Size: 49152, Semaphore: No, Sleep Time: 10, Looping: Yes.
[LOG] AsyncThread::threadFunc                  : Finished Asynchronous operation on sound 0000025F8D8A9868
[LOG] AsyncThread::threadFunc                  : Starting Asynchronous operation on sound 0000025F8D8B0108
[LOG] AsyncThread::threadFunc                  : Finished Asynchronous operation on sound 0000025F8D8B0108
[LOG] AsyncThread::threadFunc                  : Starting Asynchronous operation on sound 0000025F8D8B0108
[LOG] AsyncThread::threadFunc                  : Finished Asynchronous operation on sound 0000025F8D8B0108
[LOG] AsyncThread::threadFunc                  : Starting Asynchronous operation on sound 0000025F8D8B0108
[LOG] AsyncThread::threadFunc                  : Finished Asynchronous operation on sound 0000025F8D8B0108
[LOG] AsyncThread::threadFunc                  : Starting Asynchronous operation on sound 0000025F8D8B0108
[LOG] AsyncThread::threadFunc                  : Finished Asynchronous operation on sound 0000025F8D8B0108
[LOG] AsyncThread::threadFunc                  : Starting Asynchronous operation on sound 0000025F8D8B0108
[LOG] AsyncThread::threadFunc                  : Finished Asynchronous operation on sound 0000025F8D8B0108
[LOG] SoundI::release                          : metal sliding (0000025F8D8A9868)
[LOG] SoundI::release                          :     metal sliding (0000025D00160DE8)
[LOG] SoundI::release                          :     metal sliding (0000025F8D8B0108)
[LOG] SoundI::release                          :  (0000025F8D4CF6B8)
[LOG] SoundI::release                          :     rock debris, dust (1) (0000025F6CF60AA8)
[LOG] SoundI::release                          :  (0000025F8D4CCD08)
[LOG] SoundI::release                          :     rock debris, dust (2) (0000025F6CF60F88)
[LOG] SoundI::release                          :  (0000025F8D4CA638)
[LOG] SoundI::release                          :     rock debris, dust (3) (0000025F6CF61468)
[LOG] SoundI::release                          :  (0000025F8D4CECA8)
[LOG] SoundI::release                          :     small rock impacts (2) (0000025F6CF64528)
[LOG] SoundI::release                          :  (0000025F8D4CF548)
[LOG] SoundI::release                          :     small rock impacts (3) (0000025F6CF66408)
[LOG] SoundI::release                          :  (0000025F8D4CA358)
[LOG] SoundI::release                          :     small rock impacts (4) (0000025F6CF65708)
[LOG] SoundI::release                          :  (0000025F8D4CAD68)
[LOG] SoundI::release                          :     wooden door opening (0000025F6CF64BA8)
[LOG] SoundI::release                          :  (0000025F8D4CEE18)
[LOG] SoundI::release                          :     grote miereneters growl-001 (0000025F6CF60768)
[LOG] SoundI::release                          :  (0000025F8D4CD718)
[LOG] SoundI::release                          :     grote miereneters growl-003 (0000025F6CF64868)
[LOG] SoundI::release                          :  (0000025F8D4CF3D8)
[LOG] SoundI::release                          :     grote miereneters growl-006 (0000025F6CF66268)
[LOG] SoundI::release                          :  (0000025F8D4CCA28)
[LOG] SoundI::release                          :     creaking boat (0000025F6CF61948)
[LOG] SoundI::release                          :  (0000025F8D4CBA58)
[LOG] SoundI::release                          :     creaking boat1 (0000025F6CF61C88)
[LOG] SoundI::release                          :  (0000025F8D4CFB08)
[LOG] SoundI::release                          :     creaking boat2 (0000025F6CF60DE8)
[LOG] SoundI::release                          :  (0000025F8D4CC2F8)
[LOG] SoundI::release                          :     creaking boat3 (0000025F6CF658A8)
[LOG] SoundI::release                          :  (0000025F8D4CA4C8)
[LOG] SoundI::release                          :     creaking boat4 (0000025F6CF612C8)
[LOG] SoundI::release                          :  (0000025F8D4CEB38)
[LOG] SoundI::release                          :     door impact (0000025F6CF60C48)
[LOG] SoundI::release                          :  (0000025F8D4CE6E8)
[LOG] SoundI::release                          :     big sliding rocks (loop) (0000025F6CF60908)
[LOG] SoundI::release                          :  (0000025F8D4CAA88)
[LOG] SoundI::release                          :     narcistisch stemmen in de hemel-001 (0000025F6CF62E68)
[LOG] SoundI::release                          :  (0000025F8D4CE578)
[LOG] SoundI::release                          :     narcistisch stemmen in de hemel-002 (0000025F6CF65D88)
[LOG] SoundI::release                          :  (0000025F8D4CB608)
[LOG] SoundI::release                          :     narcistisch stemmen in de hemel-003 (0000025F6CF665A8)
[LOG] SoundI::release                          :  (0000025F8D4CC018)
[LOG] SoundI::release                          :     narcistisch stemmen in de hemel-004 (0000025F6CF65A48)
[LOG] SoundI::release                          :  (0000025F8D4CAED8)
[LOG] SoundI::release                          :     narcistisch stemmen in de hemel-005 (0000025F6CF61608)
[LOG] SoundI::release                          :  (0000025F8D4CB328)
[LOG] SoundI::release                          :     drips (3) (0000025F6CF63688)
[LOG] SoundI::release                          :  (0000025F8D4CF0F8)
[LOG] SoundI::release                          :     drips (9) (0000025F6CF65228)
[LOG] SoundI::release                          :  (0000025F8D4CD2C8)
[LOG] SoundI::release                          :     drips (7) (0000025F6CF627E8)
[LOG] SoundI::release                          :  (0000025F8D4CA918)
[LOG] SoundI::release                          :     drips (4) (0000025F6CF605C8)
[LOG] SoundI::release                          :  (0000025F8D4CCFE8)
[LOG] SoundI::release                          :     drips (2) (0000025F6CF63D08)
[LOG] SoundI::release                          :  (0000025F8D4CB778)
[LOG] SoundI::release                          :     drips (1) (0000025F6CF61128)
[LOG] SoundI::release                          :  (0000025F8D4CA7A8)
[LOG] SoundI::release                          :     drips (8) (0000025F6CF66748)
[LOG] SoundI::release                          :  (0000025F8D4CBBC8)
[LOG] SoundI::release                          :     drips (6) (0000025F6CF624A8)
[LOG] SoundI::release                          :  (0000025F8D4CA078)
[LOG] SoundI::release                          :     drips (5) (0000025F6CF64048)
[LOG] SoundI::release                          :  (0000025F8D4CA1E8)
[LOG] SoundI::release                          :     bird caw-001 (0000025F6CF65568)
[LOG] SoundI::release                          :  (0000025F8D4CBD38)
[LOG] SoundI::release                          :     bird caw-002 (0000025F6CF62988)
[LOG] SoundI::release                          :  (0000025F8D4CEF88)
[LOG] SoundI::release                          :     bird caw-003 (0000025F6CF63B68)
[LOG] SoundI::release                          :  (0000025F8D4CBEA8)
[LOG] SoundI::release                          :     bird caw-004 (0000025F6CF653C8)
[LOG] SoundI::release                          :  (0000025F8D4CE9C8)
[LOG] SoundI::release                          :     bird caw-005 (0000025F6CF64D48)
[LOG] SoundI::release                          :  (0000025F8D4CE858)
[LOG] SoundI::release                          :     bevrijd de luistermutant (0000025F6CF64388)
[LOG] SoundI::release                          :  (0000025F8D4CD5A8)
[LOG] SoundI::release                          :     eus bang-001 (0000025F6CF646C8)
[LOG] SoundI::release                          :  (0000025F8D4CDCD8)
[LOG] SoundI::release                          :     eus bang-002 (0000025F6CF631A8)
[LOG] SoundI::release                          :  (0000025F8D4CE128)
[LOG] SoundI::release                          :     eus bang-003 (0000025F6CF62CC8)
[LOG] SoundI::release                          :  (0000025F8D4CD888)
[LOG] SoundI::release                          :     eus bang-004 (0000025F6CF62168)
[LOG] SoundI::release                          :  (0000025F8D4CD158)
[LOG] SoundI::release                          :     eus valt van de brug-001 (0000025F6CF63008)
[LOG] SoundI::release                          :  (0000025F8D4CCE78)
[LOG] SoundI::release                          :     eus valt van de brug-002 (0000025F6CF64A08)
[LOG] SoundI::release                          :  (0000025F8D4CC5D8)
[LOG] SoundI::release                          :     eus valt van de brug-003 (0000025F6CF65F28)
[LOG] SoundI::release                          :  (0000025F8D4CC468)
[LOG] SoundI::release                          :     eus blij en enthousiast-001 (0000025F6CF62B28)
[LOG] SoundI::release                          :  (0000025F8D4CDE48)
[LOG] SoundI::release                          :     eus blij en enthousiast-002 (0000025F6CF63348)
[LOG] SoundI::release                          :  (0000025F8D4CC748)
[LOG] SoundI::release                          :     eus blij en enthousiast-003 (0000025F6CF660C8)
[LOG] SoundI::release                          :  (0000025F8D4CDB68)
[LOG] SoundI::release                          :     eus blij en enthousiast-004 (0000025F6CF641E8)
[LOG] SoundI::release                          :  (0000025F8D4CB8E8)
[LOG] SoundI::release                          :     eus blij en enthousiast-005 (0000025F6CF63EA8)
[LOG] SoundI::release                          :  (0000025F8D4CB1B8)
[LOG] SoundI::release                          :     eus blij en enthousiast-006 (0000025F6CF61E28)
[LOG] SoundI::release                          :  (0000025F8D4CABF8)
[LOG] SoundI::release                          :     eus boos-001 (0000025F6CF61AE8)
[LOG] SoundI::release                          :  (0000025F8D4CD438)
[LOG] SoundI::release                          :     eus boos-002 (0000025F6CF61FC8)
[LOG] SoundI::release                          :  (0000025F8D4CD9F8)
[LOG] SoundI::release                          :     eus boos-003 (0000025F6CF62308)
[LOG] SoundI::release                          :  (0000025F8D4CB048)
[LOG] SoundI::release                          :     eus boos-004 (0000025F6CF65BE8)
[LOG] SoundI::release                          :  (0000025F8D4CDFB8)
[LOG] SoundI::release                          :     oorwurm intro sound (0000025F6CF634E8)
[LOG] SoundI::release                          :  (0000025F8D4D5148)
[LOG] SoundI::release                          :     slime movement(loop) (0000025F6CF67928)
[LOG] SoundI::release                          :  (0000025F8D4D2D58)
[LOG] SoundI::release                          :     worm stoer-001 (0000025F6D0ACAB8)
[LOG] SoundI::release                          :  (0000025F8D4D5598)
[LOG] SoundI::release                          :     worm stoer-002 (0000025F6CF66A88)
[LOG] SoundI::release                          :  (0000025F8D4CFF58)
[LOG] SoundI::release                          :     worm stoer-003 (0000025F6CF63828)
[LOG] SoundI::release                          :  (0000025F8D4D4FD8)
[LOG] SoundI::release                          :     worm stoer-004 (0000025F6D0AFD18)
[LOG] SoundI::release                          :  (0000025F8D4D2BE8)
[LOG] SoundI::release                          :     worm kwetsbaar-001 (0000025F6D0AF698)
[LOG] SoundI::release                          :  (0000025F8D4D1C18)
[LOG] SoundI::release                          :     worm kwetsbaar-002 (0000025F6D0AF358)
[LOG] SoundI::release                          :  (0000025F8D4D4178)
[LOG] SoundI::release                          :     worm kwetsbaar-003 (0000025F6CF66F68)
[LOG] SoundI::release                          :  (0000025F8D4D5708)
[LOG] SoundI::release                          :     worm neutraal-001 (0000025F6CF67C68)
[LOG] SoundI::release                          :  (0000025F8D4D3E98)
[LOG] SoundI::release                          :     worm neutraal-002 (0000025F6D0ACC58)
[LOG] SoundI::release                          :  (0000025F8D4D0AD8)
[LOG] SoundI::release                          :     worm neutraal-003 (0000025F6D0AEB38)
[LOG] SoundI::release                          :  (0000025F8D4D5428)
[LOG] SoundI::release                          :     worm neutraal-004 (0000025F6CF67108)
[LOG] SoundI::release                          :  (0000025F8D4CFC78)
[LOG] SoundI::release                          :     worm neutraal-005 (0000025F6CF672A8)
[LOG] SoundI::release                          :  (0000025F8D4D4008)
[LOG] SoundI::release                          :     oorwurm vocal element 1-001 (0000025F6CF668E8)
[LOG] SoundI::release                          :  (0000025F8D4D07F8)
[LOG] SoundI::release                          :     oorwurm vocal element 1-002 (0000025F6D0AE7F8)
[LOG] SoundI::release                          :  (0000025F8D4D4E68)
[LOG] SoundI::release                          :     oorwurm vocal element 1-003 (0000025F6CF67AC8)
[LOG] SoundI::release                          :  (0000025F8D4D52B8)
[LOG] SoundI::release                          :     meat splat-001 (0000025F6CF66C28)
[LOG] SoundI::release                          :  (0000025F8D4D0688)
[LOG] SoundI::release                          :     meat splat-002 (0000025F6D0AF9D8)
[LOG] SoundI::release                          :  (0000025F8D4D38D8)
[LOG] SoundI::release                          :     meat splat-003 (0000025F6CF67E08)
[LOG] SoundI::release                          :  (0000025F8D4D0238)
[LOG] SoundI::release                          :     meat splat-004 (0000025F6D0AE658)
[LOG] SoundI::release                          :  (0000025F8D4D1938)
[LOG] SoundI::release                          :     meat splat-005 (0000025F6D0ADAF8)
[LOG] SoundI::release                          :  (0000025F8D4D4738)
[LOG] SoundI::release                          :     oorwurm vocal element 3-001 (0000025F6D0AD478)
[LOG] SoundI::release                          :  (0000025F8D4D0F28)
[LOG] SoundI::release                          :     oorwurm vocal element 3-002 (0000025F6D0AE998)
[LOG] SoundI::release                          :  (0000025F8D4D00C8)
[LOG] SoundI::release                          :     oorwurm vocal element 3-003 (0000025F6CF675E8)
[LOG] SoundI::release                          :  (0000025F8D4D03A8)
[LOG] SoundI::release                          :     cloth movement (1) (0000025F6D0AD618)
[LOG] SoundI::release                          :  (0000025F8D4D3038)
[LOG] SoundI::release                          :     cloth movement (2) (0000025F6D0AD7B8)
[LOG] SoundI::release                          :  (0000025F8D4D3D28)
[LOG] SoundI::release                          :     cloth movement (3) (0000025F6CF66DC8)
[LOG] SoundI::release                          :  (0000025F8D4D1D88)
[LOG] SoundI::release                          :     cloth movement (4) (0000025F6D0AE4B8)
[LOG] SoundI::release                          :  (0000025F8D4D48A8)
[LOG] SoundI::release                          :     cloth movement (5) (0000025F6D0AF838)
[LOG] SoundI::release                          :  (0000025F8D4D3488)
[LOG] SoundI::release                          :     cloth movement (6) (0000025F6CF67788)
[LOG] SoundI::release                          :  (0000025F8D4CFDE8)
[LOG] SoundI::release                          :     cloth movement (7) (0000025F6D0AC0F8)
[LOG] SoundI::release                          :  (0000025F8D4D0518)
[LOG] SoundI::release                          :     oorwurm vocal element 2-001 (0000025F6D0AF1B8)
[LOG] SoundI::release                          :  (0000025F8D4D1658)
[LOG] SoundI::release                          :     oorwurm vocal element 2-002 (0000025F6D0AF4F8)
[LOG] SoundI::release                          :  (0000025F8D4D2A78)
[LOG] SoundI::release                          :     oorwurm vocal element 2-003 (0000025F6CF67448)
[LOG] SoundI::release                          :  (0000025F8D4D14E8)
[LOG] SoundI::release                          :     MC neutraal-001 (0000025F6D0ADC98)
[LOG] SoundI::release                          :  (0000025F8D4D0DB8)
[LOG] SoundI::release                          :     MC neutraal-002 (0000025F6D0AC918)
[LOG] SoundI::release                          :  (0000025F8D4D24B8)
[LOG] SoundI::release                          :     MC neutraal-003 (0000025F6D0AE318)
[LOG] SoundI::release                          :  (0000025F8D4CF998)
[LOG] SoundI::release                          :     wings flapping (2) (0000025F6CF64EE8)
[LOG] SoundI::release                          :  (0000025F8D4CE298)
[LOG] SoundI::release                          :     wings flapping (3) (0000025F6CF65088)
[LOG] SoundI::release                          :  (0000025F8D4CCB98)
[LOG] SoundI::release                          :     wings flapping (4) (0000025F6CF639C8)
[LOG] SoundI::release                          :  (0000025F8D4D70E8)
[LOG] SoundI::release                          :     MC boos-001 (0000025F88A69898)
[LOG] SoundI::release                          :  (0000025F8D4D1378)
[LOG] SoundI::release                          :     MC boos-002 (0000025F6D0AD958)
[LOG] SoundI::release                          :  (0000025F8D4D6F78)
[LOG] SoundI::release                          :     MC boos-003 (0000025F88A6C958)
[LOG] SoundI::release                          :  (0000025F8D4D6118)
[LOG] SoundI::release                          :     jump2 (0000025F88A6CC98)
[LOG] SoundI::release                          :  (0000025F8D4D6E08)
[LOG] SoundI::release                          :     jump1 (0000025F88A6B5D8)
[LOG] SoundI::release                          :  (0000025F8D4D8678)
[LOG] SoundI::release                          :     footsteps stone 10-Group (0000025F88A6CE38)
[LOG] SoundI::release                          :  (0000025F8D4D17C8)
[LOG] SoundI::release                          :     footsteps stone 13-Group (0000025F6D0AD138)
[LOG] SoundI::release                          :  (0000025F8D4D73C8)
[LOG] SoundI::release                          :     footsteps stone 16-Group (0000025F88A6B0F8)
[LOG] SoundI::release                          :  (0000025F8D4D7258)
[LOG] SoundI::release                          :     footsteps stone 19-Group (0000025F88A6A0B8)
[LOG] SoundI::release                          :  (0000025F8D4D5878)
[LOG] SoundI::release                          :     footsteps stone 22-Group (0000025F88A6A8D8)
[LOG] SoundI::release                          :  (0000025F8D4D6848)
[LOG] SoundI::release                          :     footsteps stone 25-Group (0000025F88A6A598)
[LOG] SoundI::release                          :  (0000025F8D4D6C98)
[LOG] SoundI::release                          :     footsteps stone 4-Group (0000025F88A69558)
[LOG] SoundI::release                          :  (0000025F8D4D2EC8)
[LOG] SoundI::release                          :     footsteps stone 7-Group (0000025F6D0ACDF8)
[LOG] SoundI::release                          :  (0000025F8D4D3A48)
[LOG] SoundI::release                          :     sand landing (0000025F6D0AC298)
[LOG] SoundI::release                          :  (0000025F8D4D5FA8)
[LOG] SoundI::release                          :     footsteps sand 3 (0000025F88A6C138)
[LOG] SoundI::release                          :  (0000025F8D4D94D8)
[LOG] SoundI::release                          :     footsteps sand 4 (0000025F88A6BC58)
[LOG] SoundI::release                          :  (0000025F8D4D2798)
[LOG] SoundI::release                          :     footsteps sand 5 (0000025F88A6A3F8)
[LOG] SoundI::release                          :  (0000025F8D4D3318)
[LOG] SoundI::release                          :     footsteps sand 6 (0000025F6D0AFB78)
[LOG] SoundI::release                          :  (0000025F8D4D63F8)
[LOG] SoundI::release                          :     footsteps sand 7 (0000025F88A69BD8)
[LOG] SoundI::release                          :  (0000025F8D4D1EF8)
[LOG] SoundI::release                          :     footsteps sand 8 (0000025F6D0AC438)
[LOG] SoundI::release                          :  (0000025F8D4D35F8)
[LOG] SoundI::release                          :     footsteps sand 9 (0000025F6D0AC778)
[LOG] SoundI::release                          :  (0000025F8D4D45C8)
[LOG] SoundI::release                          :     bird single flap-001 (0000025F6D0ADE38)
[LOG] SoundI::release                          :  (0000025F8D4D80B8)
[LOG] SoundI::release                          :     bird single flap-002 (0000025F88A696F8)
[LOG] SoundI::release                          :  (0000025F8D4D1208)
[LOG] SoundI::release                          :     bird single flap-003 (0000025F6D0ADFD8)
[LOG] SoundI::release                          :  (0000025F8D4D2348)
[LOG] SoundI::release                          :     bird single flap-004 (0000025F6D0AC5D8)
[LOG] SoundI::release                          :  (0000025F8D4D42E8)
[LOG] SoundI::release                          :     bird single flap-005 (0000025F6D0ACF98)
[LOG] SoundI::release                          :  (0000025F8D4D2068)
[LOG] SoundI::release                          :     bird single flap-006 (0000025F6D0AFEB8)
[LOG] SoundI::release                          :  (0000025F8D4D9368)
[LOG] SoundI::release                          :     MC twijfelend-001 (0000025F88A6B438)
[LOG] SoundI::release                          :  (0000025F8D4D5CC8)
[LOG] SoundI::release                          :     MC twijfelend-002 (0000025F88A69F18)
[LOG] SoundI::release                          :  (0000025F8D4D4458)
[LOG] SoundI::release                          :     MC twijfelend-003 (0000025F6D0AF018)
[LOG] SoundI::release                          :  (0000025F8D4D4A18)
[LOG] SoundI::release                          :     MC twijfelend-004 (0000025F88A6B778)
[LOG] SoundI::release                          :  (0000025F8D4D1098)
[LOG] SoundI::release                          :     splash in het water (0000025F6D0AEE78)
[LOG] SoundI::release                          :  (0000025F8D4D2628)
[LOG] SoundI::release                          :     MC blij-001 (0000025F6D0AE178)
[LOG] SoundI::release                          :  (0000025F8D4D6B28)
[LOG] SoundI::release                          :     MC blij-002 (0000025F88A6B918)
[LOG] SoundI::release                          :  (0000025F8D4D0C48)
[LOG] SoundI::release                          :     MC blij-003 (0000025F6D0AECD8)
[LOG] SoundI::release                          :  (0000025F8D4D9D78)
[LOG] SoundI::release                          :     opstaan van t oor (0000025F88A6B298)
[LOG] SoundI::release                          :  (0000025F8D4D5B58)
[LOG] SoundI::release                          :     slak neutraal-002 (0000025EFBD86198)
[LOG] SoundI::release                          :  (0000025F8D4D69B8)
[LOG] SoundI::release                          :     slak neutraal-003 (0000025EFBD85B18)
[LOG] SoundI::release                          :  (0000025F8D4D76A8)
[LOG] SoundI::release                          :     slak neutraal-004 (0000025EFBD85E58)
[LOG] SoundI::release                          :  (0000025F8D4D6568)
[LOG] SoundI::release                          :     slak neutraal-005 (0000025EFBD84938)
[LOG] SoundI::release                          :  (0000025F8D4D7AF8)
[LOG] SoundI::release                          :     slak neutraal-006 (0000025EFBD84FB8)
[LOG] SoundI::release                          :  (0000025F8D4D8228)
[LOG] SoundI::release                          :     slak neutraal-007 (0000025EFBD84E18)
[LOG] SoundI::release                          :  (0000025F8D4D7538)
[LOG] SoundI::release                          :     slak lang lullend-003 (0000025EFBD857D8)
[LOG] SoundI::release                          :  (0000025F8D4D7DD8)
[LOG] SoundI::release                          :     slak enthousiast-001 (0000025EFBD86678)
[LOG] SoundI::release                          :  (0000025F8D4D5E38)
[LOG] SoundI::release                          :     slak enthousiast-002 (0000025EFBD86338)
[LOG] SoundI::release                          :  (0000025F8D4D7C68)
[LOG] SoundI::release                          :     slak enthousiast-003 (0000025EFBD84AD8)
[LOG] SoundI::release                          :  (0000025F8D4D9648)
[LOG] SoundI::release                          :     slak enthousiast-004 (0000025F88A6A738)
[LOG] SoundI::release                          :  (0000025F8D4D8DA8)
[LOG] SoundI::release                          :     slak kort-001 (0000025EFBD85498)
[LOG] SoundI::release                          :  (0000025F8D4D66D8)
[LOG] SoundI::release                          :     slak kort-002 (0000025EFBD84C78)
[LOG] SoundI::release                          :  (0000025F8D4D97B8)
[LOG] SoundI::release                          :     slak kort-003 (0000025EFBD852F8)
[LOG] SoundI::release                          :  (0000025F8D4D59E8)
[LOG] SoundI::release                          :     slak kort-004 (0000025EFBD85158)
[LOG] SoundI::release                          :  (0000025F8D4D6288)
[LOG] SoundI::release                          :     slak kort-005 (0000025EFBD85CB8)
[LOG] SoundI::release                          :  (0000025F8D4D7F48)
[LOG] SoundI::release                          :     slak kort-006 (0000025EFBD85FF8)
[LOG] Thread::callback                         : FMOD Studio update thread finished.
[LOG] Thread::callback                         : FMOD Studio bank load thread finished.
[LOG] Profile::disconnectAll                   : Profiler disconnecting all clients
[LOG] Thread::callback                         : FMOD Studio sample load thread finished.
[LOG] LiveUpdate::release                      : 
[LOG] LiveUpdate::reset                        : Reset connection (reason Disconnected)
[LOG] Thread::callback                         : FMOD stream thread finished.
[LOG] Thread::callback                         : FMOD mixer thread finished.
[LOG] Profile::disconnectAll                   : Profiler disconnecting all clients
[LOG] SystemI::close                           : Closed.
[LOG] Thread::callback                         : FMOD Studio bank load thread finished.
[LOG] Thread::callback                         : FMOD Studio sample load thread finished.
[LOG] LiveUpdate::release                      : 
[LOG] LiveUpdate::reset                        : Reset connection (reason Disconnected)
[LOG] Thread::callback                         : FMOD stream thread finished.
[LOG] Thread::callback                         : FMOD mixer thread finished.
[LOG] SystemI::close                           : Closed.
[LOG] Thread::callback                         : FMOD nonblocking thread (0) finished.
[LOG] Thread::callback                         : FMOD file thread finished.
